pbnihash.sln
pbnihash.vcproj
pbnihash.vcproj.conceptware.sebastien.user

main.cpp
main.h
pbnihash.cpp
pbnihash.h
pbnihashstr.cpp
pbnihashstr.h
pbnihash.rc
pbx2pbd90.bat

pbnihash90.pbd
pbnihash90.pbx
pbnihash100.pbd
pbnihash100.pbx
pbnihash105.pbd
pbnihash105.pbx
pbnihash115.pbd
pbnihash115.pbx

worksp*.pbw
hashtest*.pbl
hashdemo*.pbt
hashdemo.pbr
hashdemo*.exe

readme.txt
help-en.txt
history_pbnihash.txt
license.txt

hash.ico

makedistzip.bat
distfiles.lst

libhashish
pb_src
stuff
